[debug] [2018-05-03T13:09:44.466Z] ----------------------------------------------------------------------
[debug] [2018-05-03T13:09:44.468Z] Command:       /usr/bin/node /usr/bin/firebase serve
[debug] [2018-05-03T13:09:44.468Z] CLI Version:   3.18.4
[debug] [2018-05-03T13:09:44.469Z] Platform:      linux
[debug] [2018-05-03T13:09:44.469Z] Node Version:  v8.11.1
[debug] [2018-05-03T13:09:44.469Z] Time:          Thu May 03 2018 15:09:44 GMT+0200 (CEST)
[debug] [2018-05-03T13:09:44.469Z] ----------------------------------------------------------------------
[debug] 
[debug] [2018-05-03T13:09:44.478Z] > command requires scopes: ["email","openid","https://www.googleapis.com/auth/cloudplatformprojects.readonly","https://www.googleapis.com/auth/firebase","https://www.googleapis.com/auth/cloud-platform"]
[debug] [2018-05-03T13:09:44.478Z] > authorizing via signed-in user
[debug] [2018-05-03T13:09:44.480Z] >>> HTTP REQUEST GET https://admin.firebase.com/v1/projects/exchange-blog  
  
 Thu May 03 2018 15:09:44 GMT+0200 (CEST)
[debug] [2018-05-03T13:09:45.114Z] <<< HTTP RESPONSE 200
[debug] [2018-05-03T13:09:45.120Z] >>> HTTP REQUEST GET https://admin.firebase.com/v1/database/exchange-blog/tokens  
  
 Thu May 03 2018 15:09:45 GMT+0200 (CEST)
[debug] [2018-05-03T13:09:45.620Z] <<< HTTP RESPONSE 200
[debug] [2018-05-03T13:09:45.624Z] >>> HTTP REQUEST GET https://cloudresourcemanager.googleapis.com/v1/projects/exchange-blog  
  
 Thu May 03 2018 15:09:45 GMT+0200 (CEST)
[debug] [2018-05-03T13:09:46.320Z] <<< HTTP RESPONSE 200
[info] 
[info] === Serving from '/home/konrad/Documents/Programming/Exchange-Blog'...
[info] 
[info] i  functions: Preparing to emulate functions.
[debug] [2018-05-03T13:09:47.298Z] Fetching environment
[debug] [2018-05-03T13:09:47.312Z] Error: EACCES: permission denied, open '/home/konrad/.config/gcloud/application_default_credentials.json'
    at Object.fs.openSync (fs.js:646:18)
    at Object.fs.writeFileSync (fs.js:1299:33)
    at module.exports (/usr/lib/node_modules/firebase-tools/lib/ensureDefaultCredentials.js:42:6)
    at FunctionsEmulator.start (/usr/lib/node_modules/firebase-tools/lib/functionsEmulator.js:116:3)
    at Object.start (/usr/lib/node_modules/firebase-tools/lib/serve/functions.js:9:29)
    at /usr/lib/node_modules/firebase-tools/lib/serve/index.js:17:21
    at arrayMap (/usr/lib/node_modules/firebase-tools/node_modules/lodash/lodash.js:639:23)
    at Function.map (/usr/lib/node_modules/firebase-tools/node_modules/lodash/lodash.js:9554:14)
    at _serve (/usr/lib/node_modules/firebase-tools/lib/serve/index.js:15:7)
    at Command._action (/usr/lib/node_modules/firebase-tools/commands/serve.js:48:12)
[error] 
[error] Error: An unexpected error has occurred.
[debug] [2018-05-03T13:09:52.956Z] ----------------------------------------------------------------------
[debug] [2018-05-03T13:09:52.958Z] Command:       /usr/bin/node /usr/bin/firebase serve
[debug] [2018-05-03T13:09:52.958Z] CLI Version:   3.18.4
[debug] [2018-05-03T13:09:52.958Z] Platform:      linux
[debug] [2018-05-03T13:09:52.958Z] Node Version:  v8.11.1
[debug] [2018-05-03T13:09:52.958Z] Time:          Thu May 03 2018 15:09:52 GMT+0200 (CEST)
[debug] [2018-05-03T13:09:52.958Z] ----------------------------------------------------------------------
[debug] 
[debug] [2018-05-03T13:09:52.966Z] > command requires scopes: ["email","openid","https://www.googleapis.com/auth/cloudplatformprojects.readonly","https://www.googleapis.com/auth/firebase","https://www.googleapis.com/auth/cloud-platform"]
[debug] [2018-05-03T13:09:52.966Z] > authorizing via signed-in user
[debug] [2018-05-03T13:09:52.968Z] >>> HTTP REQUEST GET https://admin.firebase.com/v1/projects/exchange-blog  
  
 Thu May 03 2018 15:09:52 GMT+0200 (CEST)
[debug] [2018-05-03T13:09:53.533Z] <<< HTTP RESPONSE 200
[debug] [2018-05-03T13:09:53.536Z] >>> HTTP REQUEST GET https://admin.firebase.com/v1/database/exchange-blog/tokens  
  
 Thu May 03 2018 15:09:53 GMT+0200 (CEST)
[debug] [2018-05-03T13:09:54.022Z] <<< HTTP RESPONSE 200
[debug] [2018-05-03T13:09:54.025Z] >>> HTTP REQUEST GET https://cloudresourcemanager.googleapis.com/v1/projects/exchange-blog  
  
 Thu May 03 2018 15:09:54 GMT+0200 (CEST)
[debug] [2018-05-03T13:09:54.683Z] <<< HTTP RESPONSE 200
[info] 
[info] === Serving from '/home/konrad/Documents/Programming/Exchange-Blog'...
[info] 
[info] i  functions: Preparing to emulate functions.
[debug] [2018-05-03T13:09:55.364Z] Fetching environment
[debug] [2018-05-03T13:09:55.376Z] >>> HTTP REQUEST GET https://mobilesdk-pa.googleapis.com/v1/projects/977760272277:getServerAppConfig  
  
 Thu May 03 2018 15:09:55 GMT+0200 (CEST)
[debug] [2018-05-03T13:09:55.376Z] >>> HTTP REQUEST GET https://mobilesdk-pa.googleapis.com/v1/projects/977760272277/clients/_:getWebAppConfig  
  
 Thu May 03 2018 15:09:55 GMT+0200 (CEST)
[debug] [2018-05-03T13:09:55.841Z] <<< HTTP RESPONSE 200
[info] i  hosting: Serving hosting files from: public
[info] ✔  hosting: Local server: http://localhost:5000

[debug] [2018-05-03T13:09:55.897Z] <<< HTTP RESPONSE 200
[debug] [2018-05-03T13:09:55.897Z] Starting @google-cloud/functions-emulator
[debug] [2018-05-03T13:09:57.965Z] Parsing function triggers
[info] ✔  functions: expressapp: http://localhost:5001/exchange-blog/us-central1/expressapp
